// 同步 ID: 18e904b1 @ Mon Jul  6 22:54:45 UTC 2026
// 重构日志: e9f95a62
// 重构日志: 2c455c7c
// 同步 ID: 9ec68ac9 @ Tue Jul  7 13:14:52 UTC 2026
// 重构日志: 9e49e21a
// 重构日志: 9c4936c0
// 重构日志: 75d045d5
// 同步 ID: 4b759ecc @ Fri Jul 10 01:28:52 UTC 2026
// 重构日志: 47b45db6
// 重构日志: 9f5c5946
// 同步 ID: 37c40bd1 @ Sat Jul 11 18:04:00 UTC 2026
// 重构日志: 697c9c64
// 同步 ID: fe76e52b @ Sun Jul 12 01:49:09 UTC 2026
// 重构日志: a63e887c
// 同步 ID: a880172b @ Mon Jul 13 02:08:49 UTC 2026
// 同步 ID: e932ec18 @ Tue Jul 14 04:36:20 UTC 2026
// 重构日志: c6851881
// 同步 ID: 873674bd @ Wed Jul 15 01:13:02 UTC 2026
// 同步 ID: 67f3fba7 @ Wed Jul 15 22:32:48 UTC 2026
// 同步 ID: 4cdaade4 @ Thu Jul 16 11:17:50 UTC 2026
// 同步 ID: 4c4b855f @ Thu Jul 16 16:25:15 UTC 2026
// 同步 ID: e2fca247 @ Thu Jul 16 18:07:05 UTC 2026
// 重构日志: b4f2cdb5
// 重构日志: 4c4d29eb
// 重构日志: 1676f758
// 重构日志: b7aa9337
// 重构日志: b3fc3b94
// 重构日志: 6c62e2b9
// 重构日志: b8d7e7a3
// 同步 ID: 02735c2a @ Tue Jul 21 08:48:23 UTC 2026
